<?xml version="1.0" encoding="UTF-8"?>
<!-- Generated by org.testng.reporters.JUnitReportReporter -->
<testsuite skipped="0" hostname="RAKESHKUMAR" name="org.rakesh.GridTest.GridTest" tests="2" failures="0" timestamp="28 May 2019 22:27:30 GMT" time="12.396" errors="0">
  <testcase name="googleTest" time="4.161" classname="org.rakesh.GridTest.GridTest"/>
  <testcase name="googleTest" time="8.235" classname="org.rakesh.GridTest.GridTest"/>
</testsuite> <!-- org.rakesh.GridTest.GridTest -->
