<?xml version="1.0" encoding="UTF-8"?>
<!-- Generated by org.testng.reporters.JUnitReportReporter -->
<testsuite skipped="0" hostname="RAKESHKUMAR" name="com.rakesh.testcases.FlightSearch" tests="1" failures="0" timestamp="12 Aug 2019 00:05:24 GMT" time="233.356" errors="0">
  <testcase name="searchFlight" time="233.356" classname="com.rakesh.testcases.FlightSearch"/>
</testsuite> <!-- com.rakesh.testcases.FlightSearch -->
