<?xml version="1.0" encoding="UTF-8"?>
<!-- Generated by org.testng.reporters.JUnitReportReporter -->
<testsuite skipped="0" hostname="RAKESHKUMAR" name="com.rakesh.testcases.SignInTest" tests="1" failures="0" timestamp="11 Aug 2019 23:57:10 GMT" time="76.610" errors="0">
  <testcase name="signInTest" time="76.610" classname="com.rakesh.testcases.SignInTest"/>
</testsuite> <!-- com.rakesh.testcases.SignInTest -->
