<?xml version="1.0" encoding="UTF-8"?>
<!-- Generated by org.testng.reporters.JUnitReportReporter -->
<testsuite skipped="0" hostname="RAKESHKUMAR" name="com.rakesh.suite.bankmanager.testcases.OpenAccountTest" tests="3" failures="0" timestamp="18 Jun 2019 02:06:25 GMT" time="46.270" errors="0">
  <testcase name="openAccountTest" time="13.978" classname="com.rakesh.suite.bankmanager.testcases.OpenAccountTest"/>
  <testcase name="openAccountTest" time="17.592" classname="com.rakesh.suite.bankmanager.testcases.OpenAccountTest"/>
  <testcase name="openAccountTest" time="14.700" classname="com.rakesh.suite.bankmanager.testcases.OpenAccountTest"/>
</testsuite> <!-- com.rakesh.suite.bankmanager.testcases.OpenAccountTest -->
