<?xml version="1.0" encoding="UTF-8"?>
<!-- Generated by org.testng.reporters.JUnitReportReporter -->
<testsuite skipped="0" hostname="RAKESHKUMAR" name="com.rakesh.suite.bankmanager.testcases.AddCustomerTest" tests="3" failures="0" timestamp="12 Jun 2019 18:12:54 GMT" time="36.906" errors="0">
  <testcase name="addCustomerTest" time="12.615" classname="com.rakesh.suite.bankmanager.testcases.AddCustomerTest"/>
  <testcase name="addCustomerTest" time="11.603" classname="com.rakesh.suite.bankmanager.testcases.AddCustomerTest"/>
  <testcase name="addCustomerTest" time="12.688" classname="com.rakesh.suite.bankmanager.testcases.AddCustomerTest"/>
</testsuite> <!-- com.rakesh.suite.bankmanager.testcases.AddCustomerTest -->
