<?xml version="1.0" encoding="UTF-8"?>
<!-- Generated by org.testng.reporters.JUnitReportReporter -->
<testsuite skipped="0" hostname="RAKESHKUMAR" name="com.rakesh.suite.bankmanager.testcases.AddCustomerTest" tests="3" failures="0" timestamp="18 Jun 2019 02:06:25 GMT" time="49.191" errors="0">
  <testcase name="addCustomerTest" time="17.428" classname="com.rakesh.suite.bankmanager.testcases.AddCustomerTest"/>
  <testcase name="addCustomerTest" time="14.328" classname="com.rakesh.suite.bankmanager.testcases.AddCustomerTest"/>
  <testcase name="addCustomerTest" time="17.435" classname="com.rakesh.suite.bankmanager.testcases.AddCustomerTest"/>
</testsuite> <!-- com.rakesh.suite.bankmanager.testcases.AddCustomerTest -->
