<?xml version="1.0" encoding="UTF-8"?>
<!-- Generated by org.testng.reporters.JUnitReportReporter -->
<testsuite skipped="0" hostname="RAKESHKUMAR" name="com.rakesh.suite.bankmanager.testcases.OpenAccountTest" tests="3" failures="0" timestamp="12 Jun 2019 18:12:54 GMT" time="35.726" errors="0">
  <testcase name="openAccountTest" time="11.208" classname="com.rakesh.suite.bankmanager.testcases.OpenAccountTest"/>
  <testcase name="openAccountTest" time="13.454" classname="com.rakesh.suite.bankmanager.testcases.OpenAccountTest"/>
  <testcase name="openAccountTest" time="11.064" classname="com.rakesh.suite.bankmanager.testcases.OpenAccountTest"/>
</testsuite> <!-- com.rakesh.suite.bankmanager.testcases.OpenAccountTest -->
