<?xml version="1.0" encoding="UTF-8"?>
<!-- Generated by org.testng.reporters.JUnitReportReporter -->
<testsuite skipped="2" hostname="RAKESHKUMAR" name="com.rakesh.suite.customer.testcases.AddCustomerTest" tests="2" failures="0" timestamp="31 May 2019 20:29:21 GMT" time="0.121" errors="0">
  <testcase name="addCustomerTest" time="0.037" classname="com.rakesh.suite.customer.testcases.AddCustomerTest">
    <skipped/>
  </testcase> <!-- addCustomerTest -->
  <testcase name="addCustomerTest" time="0.084" classname="com.rakesh.suite.customer.testcases.AddCustomerTest">
    <skipped/>
  </testcase> <!-- addCustomerTest -->
</testsuite> <!-- com.rakesh.suite.customer.testcases.AddCustomerTest -->
