<?xml version="1.0" encoding="UTF-8"?>
<!-- Generated by org.testng.reporters.JUnitReportReporter -->
<testsuite skipped="2" hostname="RAKESHKUMAR" name="com.rakesh.suite.bankmanager.testcases.AddCustomerTest" tests="2" failures="0" timestamp="31 May 2019 02:02:18 GMT" time="0.059" errors="0">
  <testcase name="addCustomerTest" time="0.028" classname="com.rakesh.suite.bankmanager.testcases.AddCustomerTest">
    <skipped/>
  </testcase> <!-- addCustomerTest -->
  <testcase name="addCustomerTest" time="0.031" classname="com.rakesh.suite.bankmanager.testcases.AddCustomerTest">
    <skipped/>
  </testcase> <!-- addCustomerTest -->
</testsuite> <!-- com.rakesh.suite.bankmanager.testcases.AddCustomerTest -->
