<?xml version="1.0" encoding="UTF-8"?>
<!-- Generated by org.testng.reporters.JUnitReportReporter -->
<testsuite skipped="0" hostname="RAKESHKUMAR" name="com.rakesh.utilities.TestParameterization" tests="2" failures="0" timestamp="30 May 2019 02:38:51 GMT" time="0.011" errors="0">
  <testcase name="displayData" time="0.001" classname="com.rakesh.utilities.TestParameterization"/>
  <testcase name="displayData" time="0.010" classname="com.rakesh.utilities.TestParameterization"/>
</testsuite> <!-- com.rakesh.utilities.TestParameterization -->
