<?xml version="1.0" encoding="UTF-8"?>
<!-- Generated by org.testng.reporters.JUnitReportReporter -->
<testsuite skipped="3" hostname="RAKESHKUMAR" name="com.rakesh.suite.customer.testcases.OpenAccountTest" tests="3" failures="0" timestamp="31 May 2019 02:02:18 GMT" time="0.094" errors="0">
  <testcase name="openAccountTest" time="0.029" classname="com.rakesh.suite.customer.testcases.OpenAccountTest">
    <skipped/>
  </testcase> <!-- openAccountTest -->
  <testcase name="openAccountTest" time="0.038" classname="com.rakesh.suite.customer.testcases.OpenAccountTest">
    <skipped/>
  </testcase> <!-- openAccountTest -->
  <testcase name="openAccountTest" time="0.027" classname="com.rakesh.suite.customer.testcases.OpenAccountTest">
    <skipped/>
  </testcase> <!-- openAccountTest -->
</testsuite> <!-- com.rakesh.suite.customer.testcases.OpenAccountTest -->
