<?xml version="1.0" encoding="UTF-8"?>
<!-- Generated by org.testng.reporters.JUnitReportReporter -->
<testsuite skipped="1" hostname="RAKESHKUMAR" name="com.rakesh.suite.bankmanager.testcases.OpenAccountTest" tests="3" failures="0" timestamp="31 May 2019 02:02:18 GMT" time="0.114" errors="0">
  <testcase name="openAccountTest" time="0.027" classname="com.rakesh.suite.bankmanager.testcases.OpenAccountTest"/>
  <testcase name="openAccountTest" time="0.048" classname="com.rakesh.suite.bankmanager.testcases.OpenAccountTest"/>
  <testcase name="openAccountTest" time="0.039" classname="com.rakesh.suite.bankmanager.testcases.OpenAccountTest">
    <skipped/>
  </testcase> <!-- openAccountTest -->
</testsuite> <!-- com.rakesh.suite.bankmanager.testcases.OpenAccountTest -->
