<?xml version="1.0" encoding="UTF-8"?>
<!-- Generated by org.testng.reporters.JUnitReportReporter -->
<testsuite skipped="0" hostname="RAKESHKUMAR" name="regression.TestCase1" tests="2" failures="0" timestamp="07 May 2019 18:01:59 GMT" time="0.003" errors="0">
  <testcase name="doRegistration" time="0.001" classname="regression.TestCase1"/>
  <testcase name="doLogin" time="0.002" classname="regression.TestCase1"/>
</testsuite> <!-- regression.TestCase1 -->
