<?xml version="1.0" encoding="UTF-8"?>
<!-- Generated by org.testng.reporters.JUnitReportReporter -->
<testsuite skipped="0" hostname="RAKESHKUMAR" name="parameterization.TestParameterizationXML" tests="2" failures="0" timestamp="22 May 2019 03:13:20 GMT" time="0.009" errors="0">
  <testcase name="testParameterizationTest" time="0.008" classname="parameterization.TestParameterizationXML"/>
  <testcase name="testParameterizationTest" time="0.001" classname="parameterization.TestParameterizationXML"/>
</testsuite> <!-- parameterization.TestParameterizationXML -->
