<?xml version="1.0" encoding="UTF-8"?>
<!-- Generated by org.testng.reporters.JUnitReportReporter -->
<testsuite skipped="1" hostname="RAKESHKUMAR" name="testCases.SkipTest" tests="1" failures="0" timestamp="09 May 2019 18:20:19 GMT" time="0.008" errors="0">
  <testcase name="skipTest" time="0.008" classname="testCases.SkipTest">
    <skipped/>
  </testcase> <!-- skipTest -->
</testsuite> <!-- testCases.SkipTest -->
