<?xml version="1.0" encoding="UTF-8"?>
<!-- Generated by org.testng.reporters.JUnitReportReporter -->
<testsuite skipped="0" hostname="RAKESHKUMAR" name="parallelTest.TestBrowsers" tests="2" failures="0" timestamp="23 May 2019 01:53:03 GMT" time="4.044" errors="0">
  <testcase name="displayBrowsers" time="2.022" classname="parallelTest.TestBrowsers"/>
  <testcase name="displayBrowsers" time="2.022" classname="parallelTest.TestBrowsers"/>
</testsuite> <!-- parallelTest.TestBrowsers -->
