<?xml version="1.0" encoding="UTF-8"?>
<!-- Generated by org.testng.reporters.JUnitReportReporter -->
<testsuite skipped="0" hostname="RAKESHKUMAR" name="parameterization.TestParameterization" tests="3" failures="0" timestamp="21 May 2019 18:22:00 GMT" time="0.009" errors="0">
  <testcase name="doLogin" time="0.007" classname="parameterization.TestParameterization"/>
  <testcase name="doLogin" time="0.001" classname="parameterization.TestParameterization"/>
  <testcase name="doLogin" time="0.001" classname="parameterization.TestParameterization"/>
</testsuite> <!-- parameterization.TestParameterization -->
