<?xml version="1.0" encoding="UTF-8"?>
<!-- Generated by org.testng.reporters.JUnitReportReporter -->
<testsuite skipped="0" hostname="RAKESHKUMAR" name="testCases.DataParameterizationTestCase" tests="6" failures="0" timestamp="22 May 2019 02:50:56 GMT" time="0.011" errors="0">
  <testcase name="registrationTest" time="0.000" classname="testCases.DataParameterizationTestCase"/>
  <testcase name="loginTest" time="0.007" classname="testCases.DataParameterizationTestCase"/>
  <testcase name="registrationTest" time="0.001" classname="testCases.DataParameterizationTestCase"/>
  <testcase name="loginTest" time="0.001" classname="testCases.DataParameterizationTestCase"/>
  <testcase name="registrationTest" time="0.001" classname="testCases.DataParameterizationTestCase"/>
  <testcase name="loginTest" time="0.001" classname="testCases.DataParameterizationTestCase"/>
</testsuite> <!-- testCases.DataParameterizationTestCase -->
