<?xml version="1.0" encoding="UTF-8"?>
<!-- Generated by org.testng.reporters.JUnitReportReporter -->
<testsuite skipped="0" hostname="RAKESHKUMAR" name="parallelTest.ParallelDP" tests="2" failures="0" timestamp="23 May 2019 02:06:06 GMT" time="4.056" errors="0">
  <testcase name="displayBrowser" time="2.028" classname="parallelTest.ParallelDP"/>
  <testcase name="displayBrowser" time="2.028" classname="parallelTest.ParallelDP"/>
</testsuite> <!-- parallelTest.ParallelDP -->
