<?xml version="1.0" encoding="UTF-8"?>
<!-- Generated by org.testng.reporters.JUnitReportReporter -->
<testsuite skipped="0" hostname="RAKESHKUMAR" name="parameterization.TestNGParameterizationExcel" tests="3" failures="0" timestamp="22 May 2019 02:28:08 GMT" time="0.011" errors="0">
  <testcase name="testData" time="0.001" classname="parameterization.TestNGParameterizationExcel"/>
  <testcase name="testData" time="0.009" classname="parameterization.TestNGParameterizationExcel"/>
  <testcase name="testData" time="0.001" classname="parameterization.TestNGParameterizationExcel"/>
</testsuite> <!-- parameterization.TestNGParameterizationExcel -->
