<?xml version="1.0" encoding="UTF-8"?>
<!-- Generated by org.testng.reporters.JUnitReportReporter -->
<testsuite skipped="0" hostname="RAKESHKUMAR" name="testCases.TestCase1" tests="2" failures="0" timestamp="30 Apr 2019 22:40:53 GMT" time="0.005" errors="0">
  <testcase name="doRegistration" time="0.004" classname="testCases.TestCase1"/>
  <testcase name="doLogin" time="0.001" classname="testCases.TestCase1"/>
</testsuite> <!-- testCases.TestCase1 -->
