<?xml version="1.0" encoding="UTF-8"?>
<!-- Generated by org.testng.reporters.JUnitReportReporter -->
<testsuite skipped="0" hostname="RAKESHKUMAR" name="testCases.TestCase1" tests="2" failures="0" timestamp="09 May 2019 18:09:30 GMT" time="0.007" errors="0">
  <testcase name="doRegistration" time="0.006" classname="testCases.TestCase1"/>
  <testcase name="doLogin" time="0.001" classname="testCases.TestCase1"/>
</testsuite> <!-- testCases.TestCase1 -->
